<?xml version="1.0" encoding="UTF-8"?>
<testng-results skipped="0" failed="0" ignored="0" total="1" passed="1">
  <reporter-output>
  </reporter-output>
  <suite name="Default suite" duration-ms="59342" started-at="2023-01-08T14:54:08 IST" finished-at="2023-01-08T14:55:07 IST">
    <groups>
    </groups>
    <test name="Default test" duration-ms="59342" started-at="2023-01-08T14:54:08 IST" finished-at="2023-01-08T14:55:07 IST">
      <class name="add">
        <test-method status="PASS" signature="start()[pri:0, instance:add@4a87761d]" name="start" duration-ms="59279" started-at="2023-01-08T14:54:08 IST" finished-at="2023-01-08T14:55:07 IST">
          <reporter-output>
          </reporter-output>
        </test-method> <!-- start -->
      </class> <!-- add -->
    </test> <!-- Default test -->
  </suite> <!-- Default suite -->
</testng-results>
